<?xml version="1.0" encoding="UTF-8"?>
<testng-results skipped="0" failed="0" ignored="0" total="1" passed="1">
  <reporter-output>
  </reporter-output>
  <suite name="Default suite" duration-ms="35" started-at="2018-01-24T01:59:59Z" finished-at="2018-01-24T01:59:59Z">
    <groups>
    </groups>
    <test name="Default test" duration-ms="35" started-at="2018-01-24T01:59:59Z" finished-at="2018-01-24T01:59:59Z">
      <class name="testNGpackage.TestNg1">
        <test-method status="PASS" signature="display()[pri:0, instance:testNGpackage.TestNg1@215be6bb]" name="display" duration-ms="9" started-at="2018-01-23T20:59:59Z" finished-at="2018-01-23T20:59:59Z">
          <reporter-output>
          </reporter-output>
        </test-method> <!-- display -->
      </class> <!-- testNGpackage.TestNg1 -->
    </test> <!-- Default test -->
  </suite> <!-- Default suite -->
</testng-results>
